Mplus VERSION 7
MUTHEN & MUTHEN
11/07/2020  11:47 PM

INPUT INSTRUCTIONS

  TITLE: One Factor CFA Identifying Variance = 1
  DATA: FILE IS CFADNK.dat;
  VARIABLE: NAMES ARE IS2P26A	IS2P26B	IS2P26C	IS2P26D	IS2P26E	IS2P24A	
  IS2P24B	IS2P24C	IS2P24D	IS2P24E	IS2P24F	IS2P25A	IS2P25B	IS2P25C	IS2P25D	
  IS2P25E	COUNTRY;
  USEVARIABLES IS2P24A IS2P24B IS2P24E IS2P26A IS2P26C
   IS2P26D IS2P26E IS2P25A IS2P25B IS2P25C IS2P25E;
   MISSING ARE .;
  CATEGORICAL ARE IS2P26A	IS2P26B	IS2P26C	IS2P26D	IS2P26E	IS2P24A	
  IS2P24B	IS2P24C	IS2P24D	IS2P24E	IS2P24F	IS2P25A	IS2P25B	IS2P25C	IS2P25D	
  IS2P25E;
   !GROUPING IS COUNTRY (1 = BFL 2 = BGR 3 = DNK 4 = EST 5 = FIN 6 = ITA
   !         7 = LTU 8 = LVA 9 = MLT 10 = NLD 11 = NOR 12 = SVN 13 = SWE);
  ANALYSIS: ESTIMATOR = ML;
  MODEL:
      Gend_Equ BY IS2P24A IS2P24B IS2P24E;
      Immi_Equ BY IS2P26A IS2P26C IS2P26D IS2P26E;
      Ethn_Equ BY IS2P25A IS2P25B IS2P25C IS2P25E;
      Gend_Equ @1;
      Immi_Equ @1;
      Ethn_Equ @1;
  OUTPUT: STDYX;

*** ERROR in VARIABLE command
  Unknown variable in CATEGORICAL option:
  IS2P26B
*** ERROR in VARIABLE command
  Unknown variable in CATEGORICAL option:
  IS2P24C
*** ERROR in VARIABLE command
  Unknown variable in CATEGORICAL option:
  IS2P24D
*** ERROR in VARIABLE command
  Unknown variable in CATEGORICAL option:
  IS2P24F
*** ERROR in VARIABLE command
  Unknown variable in CATEGORICAL option:
  IS2P25D


MUTHEN & MUTHEN
3463 Stoner Ave.
Los Angeles, CA  90066

Tel: (310) 391-9971
Fax: (310) 391-8971
Web: www.StatModel.com
Support: Support@StatModel.com

Copyright (c) 1998-2012 Muthen & Muthen
